# JRE version: OpenJDK Runtime Environment Temurin-21.0.8+9 (21.0.8+9) (build 21.0.8+9-LTS)
# Java VM: OpenJDK 64-Bit Server VM Temurin-21.0.8+9 (21.0.8+9-LTS, mixed mode, sharing, tiered, compressed oops, compressed class ptrs, g1 gc, windows-amd64)
GC Precious Log:
 CardTable entry size: 512
 Card Set container configuration: InlinePtr #cards 5 size 8 Array Of Cards #cards 12 size 40 Howl #buckets 4 coarsen threshold 1843 Howl Bitmap #cards 512 size 80 coarsen threshold 460 Card regions per heap region 1 cards per card region 2048
 CPUs: 2 total, 2 available
 Memory: 3918M
 Large Page Support: Disabled
 NUMA Support: Disabled
 Compressed Oops: Enabled (32-bit)
 Heap Region Size: 1M
 Heap Min Capacity: 8M
 Heap Initial Capacity: 62M
 Heap Max Capacity: 980M
 Pre-touch: Disabled
 Parallel Workers: 2
 Concurrent Workers: 1
 Concurrent Refinement Workers: 2
 Periodic GC: Disabled
Heap:
 garbage-first heap   total 63488K, used 13057K [0x00000000c2c00000, 0x0000000100000000)
  region size 1024K, 3 young (3072K), 3 survivors (3072K)
 Metaspace       used 21096K, committed 21568K, reserved 1114112K
  class space    used 2694K, committed 2880K, reserved 1048576K
GC Heap History (9 events):
Event: 1.175 GC heap before
{Heap before GC invocations=0 (full 0):
 garbage-first heap   total 63488K, used 7168K [0x00000000c2c00000, 0x0000000100000000)
  region size 1024K, 6 young (6144K), 0 survivors (0K)
 Metaspace       used 400K, committed 576K, reserved 1114112K
  class space    used 15K, committed 128K, reserved 1048576K
}
Event: 1.182 GC heap after
{Heap after GC invocations=1 (full 0):
 garbage-first heap   total 63488K, used 5913K [0x00000000c2c00000, 0x0000000100000000)
  region size 1024K, 1 young (1024K), 1 survivors (1024K)
 Metaspace       used 400K, committed 576K, reserved 1114112K
  class space    used 15K, committed 128K, reserved 1048576K
}
Event: 2.039 GC heap before
{Heap before GC invocations=1 (full 0):
 garbage-first heap   total 63488K, used 8985K [0x00000000c2c00000, 0x0000000100000000)
  region size 1024K, 4 young (4096K), 1 survivors (1024K)
 Metaspace       used 1925K, committed 2048K, reserved 1114112K
  class space    used 165K, committed 256K, reserved 1048576K
}
Event: 2.045 GC heap after
{Heap after GC invocations=2 (full 0):
 garbage-first heap   total 63488K, used 6774K [0x00000000c2c00000, 0x0000000100000000)
  region size 1024K, 1 young (1024K), 1 survivors (1024K)
 Metaspace       used 1925K, committed 2048K, reserved 1114112K
  class space    used 165K, committed 256K, reserved 1048576K
}
Event: 3.461 GC heap before
{Heap before GC invocations=2 (full 0):
 garbage-first heap   total 63488K, used 12918K [0x00000000c2c00000, 0x0000000100000000)
  region size 1024K, 8 young (8192K), 1 survivors (1024K)
 Metaspace       used 4519K, committed 4800K, reserved 1114112K
  class space    used 494K, committed 640K, reserved 1048576K
}
Event: 3.468 GC heap after
{Heap after GC invocations=3 (full 0):
 garbage-first heap   total 63488K, used 7748K [0x00000000c2c00000, 0x0000000100000000)
  region size 1024K, 1 young (1024K), 1 survivors (1024K)
 Metaspace       used 4519K, committed 4800K, reserved 1114112K
  class space    used 494K, committed 640K, reserved 1048576K
}
Event: 6.041 GC heap before
{Heap before GC invocations=3 (full 0):
 garbage-first heap   total 63488K, used 41540K [0x00000000c2c00000, 0x0000000100000000)
  region size 1024K, 35 young (35840K), 1 survivors (1024K)
 Metaspace       used 14105K, committed 14464K, reserved 1114112K
  class space    used 1891K, committed 2048K, reserved 1048576K
}
Event: 6.055 GC heap after
{Heap after GC invocations=4 (full 0):
 garbage-first heap   total 63488K, used 11164K [0x00000000c2c00000, 0x0000000100000000)
  region size 1024K, 5 young (5120K), 5 survivors (5120K)
 Metaspace       used 14105K, committed 14464K, reserved 1114112K
  class space    used 1891K, committed 2048K, reserved 1048576K
}
Event: 7.421 GC heap before
{Heap before GC invocations=4 (full 0):
 garbage-first heap   total 63488K, used 36764K [0x00000000c2c00000, 0x0000000100000000)
  region size 1024K, 32 young (32768K), 5 survivors (5120K)
 Metaspace       used 21080K, committed 21504K, reserved 1114112K
  class space    used 2694K, committed 2880K, reserved 1048576K
}

