# JRE version: OpenJDK Runtime Environment Temurin-21.0.8+9 (21.0.8+9) (build 21.0.8+9-LTS)
# Java VM: OpenJDK 64-Bit Server VM Temurin-21.0.8+9 (21.0.8+9-LTS, mixed mode, sharing, tiered, compressed oops, compressed class ptrs, g1 gc, windows-amd64)
GC Precious Log:
 CardTable entry size: 512
 Card Set container configuration: InlinePtr #cards 5 size 8 Array Of Cards #cards 12 size 40 Howl #buckets 4 coarsen threshold 1843 Howl Bitmap #cards 512 size 80 coarsen threshold 460 Card regions per heap region 1 cards per card region 2048
 CPUs: 2 total, 2 available
 Memory: 3918M
 Large Page Support: Disabled
 NUMA Support: Disabled
 Compressed Oops: Enabled (32-bit)
 Heap Region Size: 1M
 Heap Min Capacity: 8M
 Heap Initial Capacity: 62M
 Heap Max Capacity: 980M
 Pre-touch: Disabled
 Parallel Workers: 2
 Concurrent Workers: 1
 Concurrent Refinement Workers: 2
 Periodic GC: Disabled
Heap:
 garbage-first heap   total 50176K, used 31505K [0x00000000c2c00000, 0x0000000100000000)
  region size 1024K, 3 young (3072K), 2 survivors (2048K)
 Metaspace       used 73338K, committed 73984K, reserved 1114112K
  class space    used 10044K, committed 10304K, reserved 1048576K
GC Heap History (20 events):
Event: 9.560 GC heap before
{Heap before GC invocations=8 (full 0):
 garbage-first heap   total 48128K, used 38643K [0x00000000c2c00000, 0x0000000100000000)
  region size 1024K, 23 young (23552K), 3 survivors (3072K)
 Metaspace       used 33318K, committed 33856K, reserved 1114112K
  class space    used 4340K, committed 4608K, reserved 1048576K
}
Event: 9.571 GC heap after
{Heap after GC invocations=9 (full 0):
 garbage-first heap   total 48128K, used 20374K [0x00000000c2c00000, 0x0000000100000000)
  region size 1024K, 3 young (3072K), 3 survivors (3072K)
 Metaspace       used 33318K, committed 33856K, reserved 1114112K
  class space    used 4340K, committed 4608K, reserved 1048576K
}
Event: 10.760 GC heap before
{Heap before GC invocations=9 (full 0):
 garbage-first heap   total 48128K, used 28566K [0x00000000c2c00000, 0x0000000100000000)
  region size 1024K, 12 young (12288K), 3 survivors (3072K)
 Metaspace       used 35377K, committed 35968K, reserved 1114112K
  class space    used 4649K, committed 4928K, reserved 1048576K
}
Event: 10.767 GC heap after
{Heap after GC invocations=10 (full 0):
 garbage-first heap   total 48128K, used 21109K [0x00000000c2c00000, 0x0000000100000000)
  region size 1024K, 1 young (1024K), 1 survivors (1024K)
 Metaspace       used 35377K, committed 35968K, reserved 1114112K
  class space    used 4649K, committed 4928K, reserved 1048576K
}
Event: 11.872 GC heap before
{Heap before GC invocations=11 (full 0):
 garbage-first heap   total 48128K, used 39541K [0x00000000c2c00000, 0x0000000100000000)
  region size 1024K, 20 young (20480K), 1 survivors (1024K)
 Metaspace       used 40316K, committed 40896K, reserved 1114112K
  class space    used 5583K, committed 5824K, reserved 1048576K
}
Event: 11.878 GC heap after
{Heap after GC invocations=12 (full 0):
 garbage-first heap   total 48128K, used 22733K [0x00000000c2c00000, 0x0000000100000000)
  region size 1024K, 3 young (3072K), 3 survivors (3072K)
 Metaspace       used 40316K, committed 40896K, reserved 1114112K
  class space    used 5583K, committed 5824K, reserved 1048576K
}
Event: 14.123 GC heap before
{Heap before GC invocations=12 (full 0):
 garbage-first heap   total 48128K, used 40141K [0x00000000c2c00000, 0x0000000100000000)
  region size 1024K, 21 young (21504K), 3 survivors (3072K)
 Metaspace       used 49026K, committed 49664K, reserved 1114112K
  class space    used 6685K, committed 6976K, reserved 1048576K
}
Event: 14.149 GC heap after
{Heap after GC invocations=13 (full 0):
 garbage-first heap   total 48128K, used 24415K [0x00000000c2c00000, 0x0000000100000000)
  region size 1024K, 3 young (3072K), 3 survivors (3072K)
 Metaspace       used 49026K, committed 49664K, reserved 1114112K
  class space    used 6685K, committed 6976K, reserved 1048576K
}
Event: 15.909 GC heap before
{Heap before GC invocations=13 (full 0):
 garbage-first heap   total 48128K, used 41823K [0x00000000c2c00000, 0x0000000100000000)
  region size 1024K, 20 young (20480K), 3 survivors (3072K)
 Metaspace       used 53851K, committed 54464K, reserved 1114112K
  class space    used 7264K, committed 7552K, reserved 1048576K
}
Event: 15.921 GC heap after
{Heap after GC invocations=14 (full 0):
 garbage-first heap   total 48128K, used 26172K [0x00000000c2c00000, 0x0000000100000000)
  region size 1024K, 2 young (2048K), 2 survivors (2048K)
 Metaspace       used 53851K, committed 54464K, reserved 1114112K
  class space    used 7264K, committed 7552K, reserved 1048576K
}
Event: 16.715 GC heap before
{Heap before GC invocations=14 (full 0):
 garbage-first heap   total 48128K, used 40508K [0x00000000c2c00000, 0x0000000100000000)
  region size 1024K, 17 young (17408K), 2 survivors (2048K)
 Metaspace       used 57592K, committed 58176K, reserved 1114112K
  class space    used 7667K, committed 7936K, reserved 1048576K
}
Event: 16.722 GC heap after
{Heap after GC invocations=15 (full 0):
 garbage-first heap   total 48128K, used 27240K [0x00000000c2c00000, 0x0000000100000000)
  region size 1024K, 3 young (3072K), 3 survivors (3072K)
 Metaspace       used 57592K, committed 58176K, reserved 1114112K
  class space    used 7667K, committed 7936K, reserved 1048576K
}
Event: 17.638 GC heap before
{Heap before GC invocations=16 (full 0):
 garbage-first heap   total 48128K, used 39528K [0x00000000c2c00000, 0x0000000100000000)
  region size 1024K, 16 young (16384K), 3 survivors (3072K)
 Metaspace       used 62206K, committed 62848K, reserved 1114112K
  class space    used 8463K, committed 8768K, reserved 1048576K
}
Event: 17.656 GC heap after
{Heap after GC invocations=17 (full 0):
 garbage-first heap   total 48128K, used 27801K [0x00000000c2c00000, 0x0000000100000000)
  region size 1024K, 2 young (2048K), 2 survivors (2048K)
 Metaspace       used 62206K, committed 62848K, reserved 1114112K
  class space    used 8463K, committed 8768K, reserved 1048576K
}
Event: 18.505 GC heap before
{Heap before GC invocations=17 (full 0):
 garbage-first heap   total 48128K, used 42137K [0x00000000c2c00000, 0x0000000100000000)
  region size 1024K, 16 young (16384K), 2 survivors (2048K)
 Metaspace       used 64668K, committed 65344K, reserved 1114112K
  class space    used 8838K, committed 9152K, reserved 1048576K
}
Event: 18.514 GC heap after
{Heap after GC invocations=18 (full 0):
 garbage-first heap   total 48128K, used 27839K [0x00000000c2c00000, 0x0000000100000000)
  region size 1024K, 1 young (1024K), 1 survivors (1024K)
 Metaspace       used 64668K, committed 65344K, reserved 1114112K
  class space    used 8838K, committed 9152K, reserved 1048576K
}
Event: 19.815 GC heap before
{Heap before GC invocations=18 (full 0):
 garbage-first heap   total 48128K, used 43199K [0x00000000c2c00000, 0x0000000100000000)
  region size 1024K, 16 young (16384K), 1 survivors (1024K)
 Metaspace       used 69010K, committed 69632K, reserved 1114112K
  class space    used 9447K, committed 9728K, reserved 1048576K
}
Event: 19.821 GC heap after
{Heap after GC invocations=19 (full 0):
 garbage-first heap   total 48128K, used 28863K [0x00000000c2c00000, 0x0000000100000000)
  region size 1024K, 2 young (2048K), 2 survivors (2048K)
 Metaspace       used 69010K, committed 69632K, reserved 1114112K
  class space    used 9447K, committed 9728K, reserved 1048576K
}
Event: 21.126 GC heap before
{Heap before GC invocations=20 (full 0):
 garbage-first heap   total 50176K, used 42175K [0x00000000c2c00000, 0x0000000100000000)
  region size 1024K, 15 young (15360K), 2 survivors (2048K)
 Metaspace       used 71343K, committed 72000K, reserved 1114112K
  class space    used 9798K, committed 10112K, reserved 1048576K
}
Event: 21.137 GC heap after
{Heap after GC invocations=21 (full 0):
 garbage-first heap   total 50176K, used 30192K [0x00000000c2c00000, 0x0000000100000000)
  region size 1024K, 2 young (2048K), 2 survivors (2048K)
 Metaspace       used 71343K, committed 72000K, reserved 1114112K
  class space    used 9798K, committed 10112K, reserved 1048576K
}

