# JRE version: OpenJDK Runtime Environment Temurin-21.0.8+9 (21.0.8+9) (build 21.0.8+9-LTS)
# Java VM: OpenJDK 64-Bit Server VM Temurin-21.0.8+9 (21.0.8+9-LTS, mixed mode, sharing, tiered, compressed oops, compressed class ptrs, g1 gc, windows-amd64)
GC Precious Log:
 CardTable entry size: 512
 Card Set container configuration: InlinePtr #cards 5 size 8 Array Of Cards #cards 12 size 40 Howl #buckets 4 coarsen threshold 1843 Howl Bitmap #cards 512 size 80 coarsen threshold 460 Card regions per heap region 1 cards per card region 2048
 CPUs: 2 total, 2 available
 Memory: 3918M
 Large Page Support: Disabled
 NUMA Support: Disabled
 Compressed Oops: Enabled (32-bit)
 Heap Region Size: 1M
 Heap Min Capacity: 8M
 Heap Initial Capacity: 62M
 Heap Max Capacity: 980M
 Pre-touch: Disabled
 Parallel Workers: 2
 Concurrent Workers: 1
 Concurrent Refinement Workers: 2
 Periodic GC: Disabled
Heap:
 garbage-first heap   total 55296K, used 44915K [0x00000000c2c00000, 0x0000000100000000)
  region size 1024K, 14 young (14336K), 2 survivors (2048K)
 Metaspace       used 77139K, committed 77824K, reserved 1179648K
  class space    used 10715K, committed 11008K, reserved 1048576K
GC Heap History (20 events):
Event: 111.660 GC heap before
{Heap before GC invocations=8 (full 0):
 garbage-first heap   total 55296K, used 44276K [0x00000000c2c00000, 0x0000000100000000)
  region size 1024K, 30 young (30720K), 4 survivors (4096K)
 Metaspace       used 31213K, committed 31744K, reserved 1114112K
  class space    used 4160K, committed 4416K, reserved 1048576K
}
Event: 111.680 GC heap after
{Heap after GC invocations=9 (full 0):
 garbage-first heap   total 55296K, used 19996K [0x00000000c2c00000, 0x0000000100000000)
  region size 1024K, 3 young (3072K), 3 survivors (3072K)
 Metaspace       used 31213K, committed 31744K, reserved 1114112K
  class space    used 4160K, committed 4416K, reserved 1048576K
}
Event: 117.858 GC heap before
{Heap before GC invocations=9 (full 0):
 garbage-first heap   total 55296K, used 40476K [0x00000000c2c00000, 0x0000000100000000)
  region size 1024K, 25 young (25600K), 3 survivors (3072K)
 Metaspace       used 35495K, committed 35968K, reserved 1114112K
  class space    used 4773K, committed 4992K, reserved 1048576K
}
Event: 117.871 GC heap after
{Heap after GC invocations=10 (full 0):
 garbage-first heap   total 55296K, used 22645K [0x00000000c2c00000, 0x0000000100000000)
  region size 1024K, 3 young (3072K), 3 survivors (3072K)
 Metaspace       used 35495K, committed 35968K, reserved 1114112K
  class space    used 4773K, committed 4992K, reserved 1048576K
}
Event: 123.158 GC heap before
{Heap before GC invocations=11 (full 0):
 garbage-first heap   total 55296K, used 46197K [0x00000000c2c00000, 0x0000000100000000)
  region size 1024K, 26 young (26624K), 3 survivors (3072K)
 Metaspace       used 41313K, committed 41920K, reserved 1114112K
  class space    used 5823K, committed 6080K, reserved 1048576K
}
Event: 123.170 GC heap after
{Heap after GC invocations=12 (full 0):
 garbage-first heap   total 55296K, used 24576K [0x00000000c2c00000, 0x0000000100000000)
  region size 1024K, 2 young (2048K), 2 survivors (2048K)
 Metaspace       used 41313K, committed 41920K, reserved 1114112K
  class space    used 5823K, committed 6080K, reserved 1048576K
}
Event: 129.779 GC heap before
{Heap before GC invocations=12 (full 0):
 garbage-first heap   total 55296K, used 47104K [0x00000000c2c00000, 0x0000000100000000)
  region size 1024K, 25 young (25600K), 2 survivors (2048K)
 Metaspace       used 51888K, committed 52416K, reserved 1114112K
  class space    used 7150K, committed 7360K, reserved 1048576K
}
Event: 129.792 GC heap after
{Heap after GC invocations=13 (full 0):
 garbage-first heap   total 55296K, used 26485K [0x00000000c2c00000, 0x0000000100000000)
  region size 1024K, 4 young (4096K), 4 survivors (4096K)
 Metaspace       used 51888K, committed 52416K, reserved 1114112K
  class space    used 7150K, committed 7360K, reserved 1048576K
}
Event: 133.767 GC heap before
{Heap before GC invocations=13 (full 0):
 garbage-first heap   total 55296K, used 46965K [0x00000000c2c00000, 0x0000000100000000)
  region size 1024K, 24 young (24576K), 4 survivors (4096K)
 Metaspace       used 56604K, committed 57152K, reserved 1114112K
  class space    used 7726K, committed 7936K, reserved 1048576K
}
Event: 133.781 GC heap after
{Heap after GC invocations=14 (full 0):
 garbage-first heap   total 55296K, used 28342K [0x00000000c2c00000, 0x0000000100000000)
  region size 1024K, 2 young (2048K), 2 survivors (2048K)
 Metaspace       used 56604K, committed 57152K, reserved 1114112K
  class space    used 7726K, committed 7936K, reserved 1048576K
}
Event: 135.141 GC heap before
{Heap before GC invocations=14 (full 0):
 garbage-first heap   total 55296K, used 38582K [0x00000000c2c00000, 0x0000000100000000)
  region size 1024K, 13 young (13312K), 2 survivors (2048K)
 Metaspace       used 59534K, committed 60096K, reserved 1114112K
  class space    used 8072K, committed 8320K, reserved 1048576K
}
Event: 135.148 GC heap after
{Heap after GC invocations=15 (full 0):
 garbage-first heap   total 55296K, used 28888K [0x00000000c2c00000, 0x0000000100000000)
  region size 1024K, 1 young (1024K), 1 survivors (1024K)
 Metaspace       used 59534K, committed 60096K, reserved 1114112K
  class space    used 8072K, committed 8320K, reserved 1048576K
}
Event: 141.840 GC heap before
{Heap before GC invocations=16 (full 0):
 garbage-first heap   total 55296K, used 48344K [0x00000000c2c00000, 0x0000000100000000)
  region size 1024K, 21 young (21504K), 1 survivors (1024K)
 Metaspace       used 65063K, committed 65728K, reserved 1114112K
  class space    used 9023K, committed 9344K, reserved 1048576K
}
Event: 141.846 GC heap after
{Heap after GC invocations=17 (full 0):
 garbage-first heap   total 55296K, used 29557K [0x00000000c2c00000, 0x0000000100000000)
  region size 1024K, 2 young (2048K), 2 survivors (2048K)
 Metaspace       used 65063K, committed 65728K, reserved 1114112K
  class space    used 9023K, committed 9344K, reserved 1048576K
}
Event: 148.117 GC heap before
{Heap before GC invocations=17 (full 0):
 garbage-first heap   total 55296K, used 47989K [0x00000000c2c00000, 0x0000000100000000)
  region size 1024K, 20 young (20480K), 2 survivors (2048K)
 Metaspace       used 70204K, committed 70848K, reserved 1114112K
  class space    used 9735K, committed 10048K, reserved 1048576K
}
Event: 148.127 GC heap after
{Heap after GC invocations=18 (full 0):
 garbage-first heap   total 55296K, used 30200K [0x00000000c2c00000, 0x0000000100000000)
  region size 1024K, 3 young (3072K), 3 survivors (3072K)
 Metaspace       used 70204K, committed 70848K, reserved 1114112K
  class space    used 9735K, committed 10048K, reserved 1048576K
}
Event: 155.338 GC heap before
{Heap before GC invocations=18 (full 0):
 garbage-first heap   total 55296K, used 45560K [0x00000000c2c00000, 0x0000000100000000)
  region size 1024K, 19 young (19456K), 3 survivors (3072K)
 Metaspace       used 73335K, committed 73984K, reserved 1114112K
  class space    used 10134K, committed 10432K, reserved 1048576K
}
Event: 155.350 GC heap after
{Heap after GC invocations=19 (full 0):
 garbage-first heap   total 55296K, used 31932K [0x00000000c2c00000, 0x0000000100000000)
  region size 1024K, 3 young (3072K), 3 survivors (3072K)
 Metaspace       used 73335K, committed 73984K, reserved 1114112K
  class space    used 10134K, committed 10432K, reserved 1048576K
}
Event: 161.780 GC heap before
{Heap before GC invocations=20 (full 0):
 garbage-first heap   total 55296K, used 47292K [0x00000000c2c00000, 0x0000000100000000)
  region size 1024K, 18 young (18432K), 3 survivors (3072K)
 Metaspace       used 75152K, committed 75840K, reserved 1179648K
  class space    used 10438K, committed 10752K, reserved 1048576K
}
Event: 161.793 GC heap after
{Heap after GC invocations=21 (full 0):
 garbage-first heap   total 55296K, used 33651K [0x00000000c2c00000, 0x0000000100000000)
  region size 1024K, 2 young (2048K), 2 survivors (2048K)
 Metaspace       used 75152K, committed 75840K, reserved 1179648K
  class space    used 10438K, committed 10752K, reserved 1048576K
}

